[2021-03-30T14:45:18.952] [WARN] http - ::1 - - "GET /users HTTP/1.1" 404 144 "" "PostmanRuntime/7.26.5"
[2021-03-30T14:45:38.979] [WARN] http - ::1 - - "GET /allUser HTTP/1.1" 404 146 "" "PostmanRuntime/7.26.5"
[2021-03-30T14:47:31.007] [WARN] http - ::1 - - "POST /login HTTP/1.1" 404 145 "" "PostmanRuntime/7.26.5"
[2021-03-30T14:48:11.551] [WARN] http - ::1 - - "POST /login HTTP/1.1" 404 145 "" "PostmanRuntime/7.26.5"
[2021-03-30T14:48:50.755] [WARN] http - ::1 - - "POST /user/login HTTP/1.1" 200 4 "" "PostmanRuntime/7.26.5"
[2021-03-30T14:50:59.541] [WARN] http - ::1 - - "GET /user/allUser HTTP/1.1" 200 2 "" "PostmanRuntime/7.26.5"
[2021-03-30T14:51:02.816] [WARN] http - ::1 - - "GET /user/allUser HTTP/1.1" 200 2 "" "PostmanRuntime/7.26.5"
[2021-03-30T14:53:10.443] [WARN] http - ::1 - - "POST /user/login HTTP/1.1" 200 - "" "PostmanRuntime/7.26.5"
[2021-03-30T14:53:14.359] [WARN] http - ::1 - - "GET /user/allUser HTTP/1.1" 200 57 "" "PostmanRuntime/7.26.5"
[2021-03-30T14:53:54.945] [WARN] http - ::1 - - "GET /user/allUser HTTP/1.1" 200 57 "" "PostmanRuntime/7.26.5"
[2021-03-30T14:53:58.233] [WARN] http - ::1 - - "POST /user/login HTTP/1.1" 200 - "" "PostmanRuntime/7.26.5"
[2021-03-30T14:54:01.318] [WARN] http - ::1 - - "GET /user/allUser HTTP/1.1" 200 126 "" "PostmanRuntime/7.26.5"
[2021-03-30T14:56:27.403] [WARN] http - ::1 - - "POST /user/login HTTP/1.1" 200 29 "" "PostmanRuntime/7.26.5"
[2021-03-30T14:56:33.622] [WARN] http - ::1 - - "GET /user/allUser HTTP/1.1" 200 126 "" "PostmanRuntime/7.26.5"
[2021-03-30T15:58:11.251] [WARN] http - ::1 - - "POST /user/login HTTP/1.1" 200 4 "" "PostmanRuntime/7.26.5"
[2021-03-30T16:00:01.445] [WARN] http - ::1 - - "POST /user/login HTTP/1.1" 200 20 "" "PostmanRuntime/7.26.5"
[2021-03-30T16:03:29.900] [WARN] http - ::1 - - "POST /user/login HTTP/1.1" 200 4 "" "PostmanRuntime/7.26.5"
[2021-03-30T16:03:46.500] [WARN] http - ::1 - - "POST /user/login HTTP/1.1" 200 20 "" "PostmanRuntime/7.26.5"
[2021-03-30T16:04:04.300] [WARN] http - ::1 - - "POST /user/login HTTP/1.1" 200 55 "" "PostmanRuntime/7.26.5"
[2021-03-30T16:05:43.235] [WARN] http - ::1 - - "POST /user/login HTTP/1.1" 200 55 "" "PostmanRuntime/7.26.5"
[2021-03-30T16:08:55.731] [WARN] http - ::1 - - "POST /user/login HTTP/1.1" 200 55 "" "PostmanRuntime/7.26.5"
[2021-03-30T16:09:43.998] [WARN] http - ::1 - - "POST /user/login HTTP/1.1" 200 55 "" "PostmanRuntime/7.26.5"
[2021-03-30T16:09:50.865] [WARN] http - ::1 - - "POST /user/login HTTP/1.1" 200 14 "" "PostmanRuntime/7.26.5"
[2021-03-30T16:16:29.736] [WARN] http - ::1 - - "GET /user/login HTTP/1.1" 404 149 "" "Mozilla/5.0 (Macintosh; Intel Mac OS X 10_14_6) AppleWebKit/537.36 (KHTML, like Gecko) Chrome/89.0.4389.90 Safari/537.36"
[2021-03-30T16:16:38.994] [WARN] http - ::1 - - "GET /user/getUser HTTP/1.1" 404 151 "" "Mozilla/5.0 (Macintosh; Intel Mac OS X 10_14_6) AppleWebKit/537.36 (KHTML, like Gecko) Chrome/89.0.4389.90 Safari/537.36"
[2021-03-30T16:16:51.183] [WARN] http - ::1 - - "GET /user/allUser HTTP/1.1" 200 57 "" "Mozilla/5.0 (Macintosh; Intel Mac OS X 10_14_6) AppleWebKit/537.36 (KHTML, like Gecko) Chrome/89.0.4389.90 Safari/537.36"
[2021-03-30T16:16:51.294] [WARN] http - ::1 - - "GET /favicon.ico HTTP/1.1" 404 150 "http://localhost:3002/user/allUser" "Mozilla/5.0 (Macintosh; Intel Mac OS X 10_14_6) AppleWebKit/537.36 (KHTML, like Gecko) Chrome/89.0.4389.90 Safari/537.36"
[2021-03-30T16:38:29.098] [WARN] http - ::1 - - "GET /user/allUser HTTP/1.1" 200 57 "" "PostmanRuntime/7.26.5"
[2021-03-30T17:16:53.852] [WARN] http - ::1 - - "POST /user/login HTTP/1.1" 200 53 "" "PostmanRuntime/7.26.5"
[2021-03-30T17:25:01.108] [WARN] http - ::1 - - "GET /user/allUser HTTP/1.1" 200 97 "" "PostmanRuntime/7.26.5"
[2021-03-30T17:25:13.470] [WARN] http - ::1 - - "GET /user/allUser HTTP/1.1" 200 42 "" "PostmanRuntime/7.26.5"
[2021-03-30T17:25:16.318] [WARN] http - ::1 - - "GET /user/allUser HTTP/1.1" 200 42 "" "PostmanRuntime/7.26.5"
[2021-03-30T17:26:52.210] [WARN] http - ::1 - - "POST /user/login HTTP/1.1" 200 47 "" "PostmanRuntime/7.26.5"
[2021-03-30T17:27:41.730] [WARN] http - ::1 - - "POST /user/login HTTP/1.1" 200 47 "" "PostmanRuntime/7.26.5"
[2021-03-30T17:27:45.496] [WARN] http - ::1 - - "POST /user/login HTTP/1.1" 200 47 "" "PostmanRuntime/7.26.5"
[2021-03-30T17:27:47.636] [WARN] http - ::1 - - "POST /user/login HTTP/1.1" 200 47 "" "PostmanRuntime/7.26.5"
[2021-03-30T17:28:07.585] [WARN] http - ::1 - - "POST /user/login HTTP/1.1" 200 47 "" "PostmanRuntime/7.26.5"
[2021-03-30T17:28:47.799] [WARN] http - ::1 - - "POST /user/login HTTP/1.1" 200 47 "" "PostmanRuntime/7.26.5"
[2021-03-30T17:28:54.142] [WARN] http - ::1 - - "POST /user/login HTTP/1.1" 200 110 "" "PostmanRuntime/7.26.5"
[2021-03-30T17:29:08.395] [WARN] http - ::1 - - "POST /user/login HTTP/1.1" 200 54 "" "PostmanRuntime/7.26.5"
[2021-03-30T17:30:24.841] [WARN] http - ::1 - - "POST /user/login HTTP/1.1" 200 53 "" "PostmanRuntime/7.26.5"
