[2020-05-26T11:07:33.621] [WARN] http - ::1 - - "GET /get HTTP/1.1" 404 142 "" "Mozilla/5.0 (Macintosh; Intel Mac OS X 10_13_6) AppleWebKit/537.36 (KHTML, like Gecko) Chrome/81.0.4044.138 Safari/537.36"
[2020-05-26T11:13:31.872] [WARN] http - ::1 - - "GET /allUser HTTP/1.1" 404 146 "" "Mozilla/5.0 (Macintosh; Intel Mac OS X 10_13_6) AppleWebKit/537.36 (KHTML, like Gecko) Chrome/81.0.4044.138 Safari/537.36"
[2020-05-26T11:13:42.206] [WARN] http - ::1 - - "GET /allUser HTTP/1.1" 404 146 "" "Mozilla/5.0 (Macintosh; Intel Mac OS X 10_13_6) AppleWebKit/537.36 (KHTML, like Gecko) Chrome/81.0.4044.138 Safari/537.36"
[2020-05-26T11:13:43.410] [WARN] http - ::1 - - "GET /allUser HTTP/1.1" 404 146 "" "Mozilla/5.0 (Macintosh; Intel Mac OS X 10_13_6) AppleWebKit/537.36 (KHTML, like Gecko) Chrome/81.0.4044.138 Safari/537.36"
[2020-05-26T11:14:39.966] [WARN] http - ::1 - - "GET /user/allUser HTTP/1.1" 404 151 "" "Mozilla/5.0 (Macintosh; Intel Mac OS X 10_13_6) AppleWebKit/537.36 (KHTML, like Gecko) Chrome/81.0.4044.138 Safari/537.36"
[2020-05-26T11:14:43.838] [WARN] http - ::1 - - "GET /user/allUser HTTP/1.1" 404 151 "" "Mozilla/5.0 (Macintosh; Intel Mac OS X 10_13_6) AppleWebKit/537.36 (KHTML, like Gecko) Chrome/81.0.4044.138 Safari/537.36"
[2020-05-26T11:16:49.137] [WARN] http - ::1 - - "GET /user/allUser HTTP/1.1" 404 151 "" "PostmanRuntime/7.21.0"
[2020-05-26T14:36:34.927] [WARN] http - ::1 - - "POST /user/login HTTP/1.1" 500 2280 "" "PostmanRuntime/7.21.0"
[2020-05-26T14:40:05.616] [WARN] http - ::1 - - "POST /user/login HTTP/1.1" 500 2280 "" "PostmanRuntime/7.21.0"
[2020-05-26T14:40:16.794] [WARN] http - ::1 - - "POST /user/login HTTP/1.1" 500 2280 "" "PostmanRuntime/7.21.0"
[2020-05-26T14:42:15.273] [WARN] http - ::1 - - "POST /user/login HTTP/1.1" 500 2280 "" "PostmanRuntime/7.21.0"
[2020-05-26T14:44:24.267] [WARN] http - ::1 - - "POST /user/login HTTP/1.1" 500 2280 "" "PostmanRuntime/7.21.0"
[2020-05-26T14:45:02.631] [WARN] http - ::1 - - "POST /user/login HTTP/1.1" 500 2280 "" "PostmanRuntime/7.21.0"
[2020-05-26T14:49:19.883] [WARN] http - ::1 - - "POST /user/login HTTP/1.1" 500 2280 "" "PostmanRuntime/7.21.0"
[2020-05-26T14:52:27.092] [WARN] http - ::1 - - "POST /user/login HTTP/1.1" 500 2280 "http://localhost:8081/" "Mozilla/5.0 (Macintosh; Intel Mac OS X 10_13_6) AppleWebKit/537.36 (KHTML, like Gecko) Chrome/81.0.4044.138 Safari/537.36"
[2020-05-26T14:53:44.479] [WARN] http - ::1 - - "POST /user/login HTTP/1.1" 500 2280 "http://localhost:8081/" "Mozilla/5.0 (Macintosh; Intel Mac OS X 10_13_6) AppleWebKit/537.36 (KHTML, like Gecko) Chrome/81.0.4044.138 Safari/537.36"
[2020-05-26T15:05:40.091] [WARN] http - ::1 - - "POST /user/login HTTP/1.1" 500 2280 "http://localhost:8081/" "Mozilla/5.0 (Macintosh; Intel Mac OS X 10_13_6) AppleWebKit/537.36 (KHTML, like Gecko) Chrome/81.0.4044.138 Safari/537.36"
[2020-05-26T15:06:18.091] [WARN] http - ::1 - - "POST /user/login HTTP/1.1" 500 2280 "http://localhost:8081/" "Mozilla/5.0 (Macintosh; Intel Mac OS X 10_13_6) AppleWebKit/537.36 (KHTML, like Gecko) Chrome/81.0.4044.138 Safari/537.36"
[2020-05-26T15:09:25.439] [WARN] http - ::1 - - "POST /user/login HTTP/1.1" 500 2280 "http://localhost:8081/" "Mozilla/5.0 (Macintosh; Intel Mac OS X 10_13_6) AppleWebKit/537.36 (KHTML, like Gecko) Chrome/81.0.4044.138 Safari/537.36"
[2020-05-26T15:43:56.273] [WARN] http - ::1 - - "POST /user/login HTTP/1.1" 500 2280 "http://localhost:8081/" "Mozilla/5.0 (Macintosh; Intel Mac OS X 10_13_6) AppleWebKit/537.36 (KHTML, like Gecko) Chrome/81.0.4044.138 Safari/537.36"
[2020-05-26T15:44:47.999] [WARN] http - ::1 - - "POST /user/login HTTP/1.1" 500 2280 "http://localhost:8081/" "Mozilla/5.0 (Macintosh; Intel Mac OS X 10_13_6) AppleWebKit/537.36 (KHTML, like Gecko) Chrome/81.0.4044.138 Safari/537.36"
[2020-05-26T16:02:18.991] [WARN] http - ::1 - - "POST /user/login HTTP/1.1" 500 2381 "http://localhost:8081/" "Mozilla/5.0 (Macintosh; Intel Mac OS X 10_13_6) AppleWebKit/537.36 (KHTML, like Gecko) Chrome/81.0.4044.138 Safari/537.36"
[2020-05-26T16:13:17.929] [WARN] http - ::1 - - "OPTIONS /user/login HTTP/1.1" 200 4 "http://localhost:8081/" "Mozilla/5.0 (Macintosh; Intel Mac OS X 10_13_6) AppleWebKit/537.36 (KHTML, like Gecko) Chrome/81.0.4044.138 Safari/537.36"
[2020-05-26T16:13:43.940] [WARN] http - ::1 - - "OPTIONS /user/login HTTP/1.1" 200 4 "http://localhost:8081/" "Mozilla/5.0 (Macintosh; Intel Mac OS X 10_13_6) AppleWebKit/537.36 (KHTML, like Gecko) Chrome/81.0.4044.138 Safari/537.36"
[2020-05-26T16:14:18.254] [WARN] http - ::1 - - "OPTIONS /user/login HTTP/1.1" 200 4 "http://localhost:8081/" "Mozilla/5.0 (Macintosh; Intel Mac OS X 10_13_6) AppleWebKit/537.36 (KHTML, like Gecko) Chrome/81.0.4044.138 Safari/537.36"
[2020-05-26T16:16:06.622] [WARN] http - ::1 - - "OPTIONS /user/login HTTP/1.1" 200 4 "http://localhost:8081/" "Mozilla/5.0 (Macintosh; Intel Mac OS X 10_13_6) AppleWebKit/537.36 (KHTML, like Gecko) Chrome/81.0.4044.138 Safari/537.36"
[2020-05-26T16:16:51.227] [WARN] http - ::1 - - "OPTIONS /user/login HTTP/1.1" 200 4 "http://localhost:8081/" "Mozilla/5.0 (Macintosh; Intel Mac OS X 10_13_6) AppleWebKit/537.36 (KHTML, like Gecko) Chrome/81.0.4044.138 Safari/537.36"
[2020-05-26T16:20:22.021] [WARN] http - ::1 - - "OPTIONS /user/login HTTP/1.1" 200 4 "http://localhost:8081/" "Mozilla/5.0 (Macintosh; Intel Mac OS X 10_13_6) AppleWebKit/537.36 (KHTML, like Gecko) Chrome/81.0.4044.138 Safari/537.36"
[2020-05-26T16:20:40.505] [WARN] http - ::1 - - "OPTIONS /user/login HTTP/1.1" 200 4 "http://localhost:8081/" "Mozilla/5.0 (Macintosh; Intel Mac OS X 10_13_6) AppleWebKit/537.36 (KHTML, like Gecko) Chrome/81.0.4044.138 Safari/537.36"
[2020-05-26T16:21:59.461] [WARN] http - ::1 - - "OPTIONS /user/login HTTP/1.1" 200 4 "http://localhost:8081/" "Mozilla/5.0 (Macintosh; Intel Mac OS X 10_13_6) AppleWebKit/537.36 (KHTML, like Gecko) Chrome/81.0.4044.138 Safari/537.36"
[2020-05-26T16:22:32.660] [WARN] http - ::1 - - "OPTIONS /user/login HTTP/1.1" 200 4 "http://localhost:8081/" "Mozilla/5.0 (Macintosh; Intel Mac OS X 10_13_6) AppleWebKit/537.36 (KHTML, like Gecko) Chrome/81.0.4044.138 Safari/537.36"
[2020-05-26T16:56:46.956] [WARN] http - ::1 - - "OPTIONS /user/login HTTP/1.1" 200 4 "http://localhost:8081/" "Mozilla/5.0 (Macintosh; Intel Mac OS X 10_13_6) AppleWebKit/537.36 (KHTML, like Gecko) Chrome/81.0.4044.138 Safari/537.36"
[2020-05-26T17:06:40.343] [WARN] http - ::1 - - "OPTIONS /user/login HTTP/1.1" 200 4 "http://localhost:8081/" "Mozilla/5.0 (Macintosh; Intel Mac OS X 10_13_6) AppleWebKit/537.36 (KHTML, like Gecko) Chrome/81.0.4044.138 Safari/537.36"
[2020-05-26T17:09:30.974] [WARN] http - ::1 - - "OPTIONS /user/login HTTP/1.1" 200 4 "http://localhost:8081/" "Mozilla/5.0 (Macintosh; Intel Mac OS X 10_13_6) AppleWebKit/537.36 (KHTML, like Gecko) Chrome/81.0.4044.138 Safari/537.36"
[2020-05-26T17:17:26.681] [WARN] http - ::1 - - "OPTIONS /api/user/login HTTP/1.1" 200 4 "http://localhost:8081/" "Mozilla/5.0 (Macintosh; Intel Mac OS X 10_13_6) AppleWebKit/537.36 (KHTML, like Gecko) Chrome/81.0.4044.138 Safari/537.36"
[2020-05-26T17:17:26.686] [WARN] http - ::1 - - "POST /api/user/login HTTP/1.1" 404 154 "http://localhost:8081/" "Mozilla/5.0 (Macintosh; Intel Mac OS X 10_13_6) AppleWebKit/537.36 (KHTML, like Gecko) Chrome/81.0.4044.138 Safari/537.36"
[2020-05-26T17:17:37.180] [WARN] http - ::1 - - "OPTIONS /user/login HTTP/1.1" 200 4 "http://localhost:8081/" "Mozilla/5.0 (Macintosh; Intel Mac OS X 10_13_6) AppleWebKit/537.36 (KHTML, like Gecko) Chrome/81.0.4044.138 Safari/537.36"
[2020-05-26T17:25:54.254] [WARN] http - ::1 - - "OPTIONS /user/login HTTP/1.1" 200 4 "http://localhost:8081/" "Mozilla/5.0 (Macintosh; Intel Mac OS X 10_13_6) AppleWebKit/537.36 (KHTML, like Gecko) Chrome/81.0.4044.138 Safari/537.36"
[2020-05-26T17:27:17.753] [WARN] http - ::1 - - "OPTIONS /user/login HTTP/1.1" 200 4 "http://localhost:8081/" "Mozilla/5.0 (Macintosh; Intel Mac OS X 10_13_6) AppleWebKit/537.36 (KHTML, like Gecko) Chrome/81.0.4044.138 Safari/537.36"
